2024-09-13 07:33:19,443 - logger - INFO - [92m[92mNumber of duplicate records before dropping: 25[0m[0m
2024-09-13 07:33:19,697 - logger - INFO - [92m[92mNumber of duplicate records after dropping: 0[0m[0m
2024-09-13 07:33:24,007 - logger - INFO - [92m[92mNumber of duplicate records before dropping: 1[0m[0m
2024-09-13 07:33:24,207 - logger - INFO - [92m[92mNumber of duplicate records after dropping: 0[0m[0m
2024-09-13 07:33:26,865 - logger - INFO - [92m[92mNumber of duplicate records before dropping: 30[0m[0m
2024-09-13 07:33:27,078 - logger - INFO - [92m[92mNumber of duplicate records after dropping: 0[0m[0m
2024-09-13 07:33:27,087 - logger - INFO - [92m[92mStep 1: Identifying future dates in 'Interaction_Date'...[0m[0m
2024-09-13 07:33:27,332 - logger - INFO - [92m[92mNo future dates found.[0m[0m
2024-09-13 07:33:28,867 - logger - INFO - [92m[92mNumber of duplicate records before dropping: 32[0m[0m
2024-09-13 07:33:28,997 - logger - INFO - [92m[92mNumber of duplicate records after dropping: 0[0m[0m
2024-09-13 07:33:29,175 - logger - INFO - [92m[92mStep 1: Identifying future dates in 'Interaction_Date'...[0m[0m
2024-09-13 07:33:29,346 - logger - INFO - [92m[92mNo future dates found.[0m[0m
2024-09-13 07:33:29,459 - logger - INFO - [92m[92mStep 1: Identifying non-boolean values.. [0m[0m
2024-09-13 07:33:29,638 - logger - INFO - [92m[92mAll values in 'Issue_Resolved' are valid booleans.[0m[0m
2024-09-13 07:33:31,565 - logger - INFO - [92m[92mNumber of duplicate records before dropping: 2[0m[0m
2024-09-13 07:33:31,681 - logger - INFO - [92m[92mNumber of duplicate records after dropping: 0[0m[0m
2024-09-13 09:26:57,988 - logger - INFO - [92m[92mNumber of duplicate records before dropping: 25[0m[0m
2024-09-13 09:26:58,319 - logger - INFO - [92m[92mNumber of duplicate records after dropping: 0[0m[0m
2024-09-13 09:27:02,895 - logger - INFO - [92m[92mNumber of duplicate records before dropping: 1[0m[0m
2024-09-13 09:27:03,143 - logger - INFO - [92m[92mNumber of duplicate records after dropping: 0[0m[0m
2024-09-13 09:27:14,601 - logger - INFO - [92m[92mNumber of duplicate records before dropping: 25[0m[0m
2024-09-13 09:27:14,863 - logger - INFO - [92m[92mNumber of duplicate records after dropping: 0[0m[0m
2024-09-13 09:33:09,024 - logger - INFO - [92m[92mNumber of duplicate records before dropping: 25[0m[0m
2024-09-13 09:33:09,363 - logger - INFO - [92m[92mNumber of duplicate records after dropping: 0[0m[0m
2024-09-13 09:33:14,493 - logger - INFO - [92m[92mNumber of duplicate records before dropping: 1[0m[0m
2024-09-13 09:33:14,826 - logger - INFO - [92m[92mNumber of duplicate records after dropping: 0[0m[0m
2024-09-13 09:33:18,904 - logger - INFO - [92m[92mNumber of duplicate records before dropping: 30[0m[0m
2024-09-13 09:33:19,276 - logger - INFO - [92m[92mNumber of duplicate records after dropping: 0[0m[0m
2024-09-13 09:33:19,305 - logger - INFO - [92m[92mStep 1: Identifying future dates in 'Interaction_Date'...[0m[0m
2024-09-13 09:33:19,730 - logger - INFO - [92m[92mNo future dates found.[0m[0m
2024-09-13 09:33:22,318 - logger - INFO - [92m[92mNumber of duplicate records before dropping: 32[0m[0m
2024-09-13 09:33:22,617 - logger - INFO - [92m[92mNumber of duplicate records after dropping: 0[0m[0m
2024-09-13 09:33:22,922 - logger - INFO - [92m[92mStep 1: Identifying future dates in 'Interaction_Date'...[0m[0m
2024-09-13 09:33:23,150 - logger - INFO - [92m[92mNo future dates found.[0m[0m
2024-09-13 09:33:23,375 - logger - INFO - [92m[92mStep 1: Identifying non-boolean values.. [0m[0m
2024-09-13 09:33:23,734 - logger - INFO - [92m[92mAll values in 'Issue_Resolved' are valid booleans.[0m[0m
2024-09-13 09:33:25,923 - logger - INFO - [92m[92mNumber of duplicate records before dropping: 2[0m[0m
2024-09-13 09:33:26,061 - logger - INFO - [92m[92mNumber of duplicate records after dropping: 0[0m[0m
2024-09-13 15:26:49,220 - logger - INFO - [92m[92mNumber of duplicate records before dropping: 25[0m[0m
2024-09-13 15:26:49,513 - logger - INFO - [92m[92mNumber of duplicate records after dropping: 0[0m[0m
2024-09-13 15:26:53,396 - logger - INFO - [92m[92mNumber of duplicate records before dropping: 1[0m[0m
2024-09-13 15:26:53,578 - logger - INFO - [92m[92mNumber of duplicate records after dropping: 0[0m[0m
2024-09-13 15:26:55,873 - logger - INFO - [92m[92mNumber of duplicate records before dropping: 30[0m[0m
2024-09-13 15:26:56,056 - logger - INFO - [92m[92mNumber of duplicate records after dropping: 0[0m[0m
2024-09-13 15:26:56,064 - logger - INFO - [92m[92mStep 1: Identifying future dates in 'Interaction_Date'...[0m[0m
2024-09-13 15:26:56,299 - logger - INFO - [92m[92mNo future dates found.[0m[0m
2024-09-13 15:26:57,709 - logger - INFO - [92m[92mNumber of duplicate records before dropping: 32[0m[0m
2024-09-13 15:26:57,830 - logger - INFO - [92m[92mNumber of duplicate records after dropping: 0[0m[0m
2024-09-13 15:26:57,976 - logger - INFO - [92m[92mStep 1: Identifying future dates in 'Interaction_Date'...[0m[0m
2024-09-13 15:26:58,116 - logger - INFO - [92m[92mNo future dates found.[0m[0m
2024-09-13 15:26:58,248 - logger - INFO - [92m[92mStep 1: Identifying non-boolean values.. [0m[0m
2024-09-13 15:26:58,452 - logger - INFO - [92m[92mAll values in 'Issue_Resolved' are valid booleans.[0m[0m
2024-09-13 15:27:00,215 - logger - INFO - [92m[92mNumber of duplicate records before dropping: 2[0m[0m
2024-09-13 15:27:00,369 - logger - INFO - [92m[92mNumber of duplicate records after dropping: 0[0m[0m
2024-09-13 15:32:01,230 - logger - INFO - [92m[92mNumber of duplicate records before dropping: 25[0m[0m
2024-09-13 15:32:01,552 - logger - INFO - [92m[92mNumber of duplicate records after dropping: 0[0m[0m
2024-09-13 15:32:06,568 - logger - INFO - [92m[92mNumber of duplicate records before dropping: 1[0m[0m
2024-09-13 15:32:06,828 - logger - INFO - [92m[92mNumber of duplicate records after dropping: 0[0m[0m
2024-09-13 15:32:10,353 - logger - INFO - [92m[92mNumber of duplicate records before dropping: 30[0m[0m
2024-09-13 15:32:10,609 - logger - INFO - [92m[92mNumber of duplicate records after dropping: 0[0m[0m
2024-09-13 15:32:10,623 - logger - INFO - [92m[92mStep 1: Identifying future dates in 'Interaction_Date'...[0m[0m
2024-09-13 15:32:11,017 - logger - INFO - [92m[92mNo future dates found.[0m[0m
2024-09-13 15:32:13,206 - logger - INFO - [92m[92mNumber of duplicate records before dropping: 32[0m[0m
2024-09-13 15:32:13,380 - logger - INFO - [92m[92mNumber of duplicate records after dropping: 0[0m[0m
2024-09-13 15:32:13,625 - logger - INFO - [92m[92mStep 1: Identifying future dates in 'Interaction_Date'...[0m[0m
2024-09-13 15:32:13,850 - logger - INFO - [92m[92mNo future dates found.[0m[0m
2024-09-13 15:32:14,002 - logger - INFO - [92m[92mStep 1: Identifying non-boolean values.. [0m[0m
2024-09-13 15:32:14,309 - logger - INFO - [92m[92mAll values in 'Issue_Resolved' are valid booleans.[0m[0m
2024-09-13 15:32:17,139 - logger - INFO - [92m[92mNumber of duplicate records before dropping: 2[0m[0m
2024-09-13 15:32:17,346 - logger - INFO - [92m[92mNumber of duplicate records after dropping: 0[0m[0m
2024-09-15 12:24:12,838 - logger - INFO - [92m[92mNumber of duplicate records before dropping: 25[0m[0m
2024-09-15 12:24:13,247 - logger - INFO - [92m[92mNumber of duplicate records after dropping: 0[0m[0m
2024-09-15 12:24:18,496 - logger - INFO - [92m[92mNumber of duplicate records before dropping: 1[0m[0m
2024-09-15 12:24:19,113 - logger - INFO - [92m[92mNumber of duplicate records after dropping: 0[0m[0m
2024-09-15 12:24:25,259 - logger - INFO - [92m[92mNumber of duplicate records before dropping: 30[0m[0m
2024-09-15 12:24:25,692 - logger - INFO - [92m[92mNumber of duplicate records after dropping: 0[0m[0m
2024-09-15 12:24:25,716 - logger - INFO - [92m[92mStep 1: Identifying future dates in 'Interaction_Date'...[0m[0m
2024-09-15 12:24:26,097 - logger - INFO - [92m[92mNo future dates found.[0m[0m
2024-09-16 10:11:24,773 - logger - INFO - [92m[92mNumber of duplicate records before dropping: 25[0m[0m
2024-09-16 10:11:25,140 - logger - INFO - [92m[92mNumber of duplicate records after dropping: 0[0m[0m
2024-09-16 10:11:30,974 - logger - INFO - [92m[92mNumber of duplicate records before dropping: 1[0m[0m
2024-09-16 10:11:31,252 - logger - INFO - [92m[92mNumber of duplicate records after dropping: 0[0m[0m
2024-09-16 10:11:34,855 - logger - INFO - [92m[92mNumber of duplicate records before dropping: 30[0m[0m
2024-09-16 10:11:35,172 - logger - INFO - [92m[92mNumber of duplicate records after dropping: 0[0m[0m
2024-09-16 10:11:35,207 - logger - INFO - [92m[92mStep 1: Identifying future dates in 'Interaction_Date'...[0m[0m
2024-09-16 10:11:35,716 - logger - INFO - [92m[92mNo future dates found.[0m[0m
2024-09-16 10:11:38,462 - logger - INFO - [92m[92mNumber of duplicate records before dropping: 32[0m[0m
2024-09-16 10:11:38,750 - logger - INFO - [92m[92mNumber of duplicate records after dropping: 0[0m[0m
2024-09-16 10:11:39,041 - logger - INFO - [92m[92mStep 1: Identifying future dates in 'Interaction_Date'...[0m[0m
2024-09-16 10:11:39,271 - logger - INFO - [92m[92mNo future dates found.[0m[0m
2024-09-16 10:11:39,498 - logger - INFO - [92m[92mStep 1: Identifying non-boolean values.. [0m[0m
2024-09-16 10:11:39,856 - logger - INFO - [92m[92mAll values in 'Issue_Resolved' are valid booleans.[0m[0m
2024-09-16 10:11:43,271 - logger - INFO - [92m[92mNumber of duplicate records before dropping: 2[0m[0m
2024-09-16 10:11:43,451 - logger - INFO - [92m[92mNumber of duplicate records after dropping: 0[0m[0m
2024-09-17 11:51:55,203 - logger - INFO - [92m[92mNumber of duplicate records before dropping: 25[0m[0m
2024-09-17 11:51:55,378 - logger - INFO - [92m[92mNumber of duplicate records after dropping: 0[0m[0m
2024-09-17 11:53:04,630 - logger - INFO - [92m[92mNumber of duplicate records before dropping: 25[0m[0m
2024-09-17 11:53:04,780 - logger - INFO - [92m[92mNumber of duplicate records after dropping: 0[0m[0m
2024-09-17 11:53:12,471 - logger - INFO - [92m[92mNumber of duplicate records before dropping: 1[0m[0m
2024-09-17 11:53:12,681 - logger - INFO - [92m[92mNumber of duplicate records after dropping: 0[0m[0m
2024-09-17 11:53:15,190 - logger - INFO - [92m[92mNumber of duplicate records before dropping: 30[0m[0m
2024-09-17 11:53:15,421 - logger - INFO - [92m[92mNumber of duplicate records after dropping: 0[0m[0m
2024-09-17 11:53:15,436 - logger - INFO - [92m[92mStep 1: Identifying future dates in 'Interaction_Date'...[0m[0m
2024-09-17 11:53:15,688 - logger - INFO - [92m[92mNo future dates found.[0m[0m
